  funktionen.cpp
c:\users\mirko\cloud\studium\info hausübung ss 18\sofewareversionen\version 1\informatik\speichern\speichern\funktionen.cpp(44): error C4996: 'scanf': This function or variable may be unsafe. Consider using scanf_s instead. To disable deprecation, use _CRT_SECURE_NO_WARNINGS. See online help for details.
  c:\program files (x86)\windows kits\10\include\10.0.14393.0\ucrt\stdio.h(1269): note: Siehe Deklaration von "scanf"
c:\users\mirko\cloud\studium\info hausübung ss 18\sofewareversionen\version 1\informatik\speichern\speichern\funktionen.cpp(64): error C4996: 'fopen': This function or variable may be unsafe. Consider using fopen_s instead. To disable deprecation, use _CRT_SECURE_NO_WARNINGS. See online help for details.
  c:\program files (x86)\windows kits\10\include\10.0.14393.0\ucrt\stdio.h(207): note: Siehe Deklaration von "fopen"
c:\users\mirko\cloud\studium\info hausübung ss 18\sofewareversionen\version 1\informatik\speichern\speichern\funktionen.cpp(70): error C4996: 'fopen': This function or variable may be unsafe. Consider using fopen_s instead. To disable deprecation, use _CRT_SECURE_NO_WARNINGS. See online help for details.
  c:\program files (x86)\windows kits\10\include\10.0.14393.0\ucrt\stdio.h(207): note: Siehe Deklaration von "fopen"
c:\users\mirko\cloud\studium\info hausübung ss 18\sofewareversionen\version 1\informatik\speichern\speichern\funktionen.cpp(204): error C4996: 'scanf': This function or variable may be unsafe. Consider using scanf_s instead. To disable deprecation, use _CRT_SECURE_NO_WARNINGS. See online help for details.
  c:\program files (x86)\windows kits\10\include\10.0.14393.0\ucrt\stdio.h(1269): note: Siehe Deklaration von "scanf"
c:\users\mirko\cloud\studium\info hausübung ss 18\sofewareversionen\version 1\informatik\speichern\speichern\funktionen.cpp(251): error C4996: 'scanf': This function or variable may be unsafe. Consider using scanf_s instead. To disable deprecation, use _CRT_SECURE_NO_WARNINGS. See online help for details.
  c:\program files (x86)\windows kits\10\include\10.0.14393.0\ucrt\stdio.h(1269): note: Siehe Deklaration von "scanf"
c:\users\mirko\cloud\studium\info hausübung ss 18\sofewareversionen\version 1\informatik\speichern\speichern\funktionen.cpp(296): error C4996: 'scanf': This function or variable may be unsafe. Consider using scanf_s instead. To disable deprecation, use _CRT_SECURE_NO_WARNINGS. See online help for details.
  c:\program files (x86)\windows kits\10\include\10.0.14393.0\ucrt\stdio.h(1269): note: Siehe Deklaration von "scanf"
c:\users\mirko\cloud\studium\info hausübung ss 18\sofewareversionen\version 1\informatik\speichern\speichern\funktionen.cpp(343): error C4996: 'scanf': This function or variable may be unsafe. Consider using scanf_s instead. To disable deprecation, use _CRT_SECURE_NO_WARNINGS. See online help for details.
  c:\program files (x86)\windows kits\10\include\10.0.14393.0\ucrt\stdio.h(1269): note: Siehe Deklaration von "scanf"
c:\users\mirko\cloud\studium\info hausübung ss 18\sofewareversionen\version 1\informatik\speichern\speichern\funktionen.cpp(390): error C4996: 'scanf': This function or variable may be unsafe. Consider using scanf_s instead. To disable deprecation, use _CRT_SECURE_NO_WARNINGS. See online help for details.
  c:\program files (x86)\windows kits\10\include\10.0.14393.0\ucrt\stdio.h(1269): note: Siehe Deklaration von "scanf"
c:\users\mirko\cloud\studium\info hausübung ss 18\sofewareversionen\version 1\informatik\speichern\speichern\funktionen.cpp(427): error C4996: 'scanf': This function or variable may be unsafe. Consider using scanf_s instead. To disable deprecation, use _CRT_SECURE_NO_WARNINGS. See online help for details.
  c:\program files (x86)\windows kits\10\include\10.0.14393.0\ucrt\stdio.h(1269): note: Siehe Deklaration von "scanf"
c:\users\mirko\cloud\studium\info hausübung ss 18\sofewareversionen\version 1\informatik\speichern\speichern\funktionen.cpp(516): error C4996: 'strcpy': This function or variable may be unsafe. Consider using strcpy_s instead. To disable deprecation, use _CRT_SECURE_NO_WARNINGS. See online help for details.
  c:\program files (x86)\windows kits\10\include\10.0.14393.0\ucrt\string.h(125): note: Siehe Deklaration von "strcpy"
c:\users\mirko\cloud\studium\info hausübung ss 18\sofewareversionen\version 1\informatik\speichern\speichern\funktionen.cpp(520): error C4996: 'strcpy': This function or variable may be unsafe. Consider using strcpy_s instead. To disable deprecation, use _CRT_SECURE_NO_WARNINGS. See online help for details.
  c:\program files (x86)\windows kits\10\include\10.0.14393.0\ucrt\string.h(125): note: Siehe Deklaration von "strcpy"
c:\users\mirko\cloud\studium\info hausübung ss 18\sofewareversionen\version 1\informatik\speichern\speichern\funktionen.cpp(541): error C4996: 'strcpy': This function or variable may be unsafe. Consider using strcpy_s instead. To disable deprecation, use _CRT_SECURE_NO_WARNINGS. See online help for details.
  c:\program files (x86)\windows kits\10\include\10.0.14393.0\ucrt\string.h(125): note: Siehe Deklaration von "strcpy"
c:\users\mirko\cloud\studium\info hausübung ss 18\sofewareversionen\version 1\informatik\speichern\speichern\funktionen.cpp(551): error C4996: 'strcpy': This function or variable may be unsafe. Consider using strcpy_s instead. To disable deprecation, use _CRT_SECURE_NO_WARNINGS. See online help for details.
  c:\program files (x86)\windows kits\10\include\10.0.14393.0\ucrt\string.h(125): note: Siehe Deklaration von "strcpy"
c:\users\mirko\cloud\studium\info hausübung ss 18\sofewareversionen\version 1\informatik\speichern\speichern\funktionen.cpp(555): error C4996: 'strcpy': This function or variable may be unsafe. Consider using strcpy_s instead. To disable deprecation, use _CRT_SECURE_NO_WARNINGS. See online help for details.
  c:\program files (x86)\windows kits\10\include\10.0.14393.0\ucrt\string.h(125): note: Siehe Deklaration von "strcpy"
c:\users\mirko\cloud\studium\info hausübung ss 18\sofewareversionen\version 1\informatik\speichern\speichern\funktionen.cpp(564): error C4996: 'strcpy': This function or variable may be unsafe. Consider using strcpy_s instead. To disable deprecation, use _CRT_SECURE_NO_WARNINGS. See online help for details.
  c:\program files (x86)\windows kits\10\include\10.0.14393.0\ucrt\string.h(125): note: Siehe Deklaration von "strcpy"
c:\users\mirko\cloud\studium\info hausübung ss 18\sofewareversionen\version 1\informatik\speichern\speichern\funktionen.cpp(568): error C4996: 'strcpy': This function or variable may be unsafe. Consider using strcpy_s instead. To disable deprecation, use _CRT_SECURE_NO_WARNINGS. See online help for details.
  c:\program files (x86)\windows kits\10\include\10.0.14393.0\ucrt\string.h(125): note: Siehe Deklaration von "strcpy"
c:\users\mirko\cloud\studium\info hausübung ss 18\sofewareversionen\version 1\informatik\speichern\speichern\funktionen.cpp(590): error C4996: 'scanf': This function or variable may be unsafe. Consider using scanf_s instead. To disable deprecation, use _CRT_SECURE_NO_WARNINGS. See online help for details.
  c:\program files (x86)\windows kits\10\include\10.0.14393.0\ucrt\stdio.h(1269): note: Siehe Deklaration von "scanf"
c:\users\mirko\cloud\studium\info hausübung ss 18\sofewareversionen\version 1\informatik\speichern\speichern\funktionen.cpp(501): warning C4101: "zurueck": Unreferenzierte lokale Variable
c:\users\mirko\cloud\studium\info hausübung ss 18\sofewareversionen\version 1\informatik\speichern\speichern\funktionen.cpp(622): warning C4267: "=": Konvertierung von "size_t" nach "int", Datenverlust möglich
c:\users\mirko\cloud\studium\info hausübung ss 18\sofewareversionen\version 1\informatik\speichern\speichern\funktionen.cpp(623): warning C4267: "=": Konvertierung von "size_t" nach "int", Datenverlust möglich
c:\users\mirko\cloud\studium\info hausübung ss 18\sofewareversionen\version 1\informatik\speichern\speichern\funktionen.cpp(618): error C4996: 'fopen': This function or variable may be unsafe. Consider using fopen_s instead. To disable deprecation, use _CRT_SECURE_NO_WARNINGS. See online help for details.
  c:\program files (x86)\windows kits\10\include\10.0.14393.0\ucrt\stdio.h(207): note: Siehe Deklaration von "fopen"
c:\users\mirko\cloud\studium\info hausübung ss 18\sofewareversionen\version 1\informatik\speichern\speichern\funktionen.cpp(619): error C4996: 'fopen': This function or variable may be unsafe. Consider using fopen_s instead. To disable deprecation, use _CRT_SECURE_NO_WARNINGS. See online help for details.
  c:\program files (x86)\windows kits\10\include\10.0.14393.0\ucrt\stdio.h(207): note: Siehe Deklaration von "fopen"
c:\users\mirko\cloud\studium\info hausübung ss 18\sofewareversionen\version 1\informatik\speichern\speichern\funktionen.cpp(689): error C4996: 'scanf': This function or variable may be unsafe. Consider using scanf_s instead. To disable deprecation, use _CRT_SECURE_NO_WARNINGS. See online help for details.
  c:\program files (x86)\windows kits\10\include\10.0.14393.0\ucrt\stdio.h(1269): note: Siehe Deklaration von "scanf"
c:\users\mirko\cloud\studium\info hausübung ss 18\sofewareversionen\version 1\informatik\speichern\speichern\funktionen.cpp(695): error C4996: 'strcpy': This function or variable may be unsafe. Consider using strcpy_s instead. To disable deprecation, use _CRT_SECURE_NO_WARNINGS. See online help for details.
  c:\program files (x86)\windows kits\10\include\10.0.14393.0\ucrt\string.h(125): note: Siehe Deklaration von "strcpy"
c:\users\mirko\cloud\studium\info hausübung ss 18\sofewareversionen\version 1\informatik\speichern\speichern\funktionen.cpp(700): error C4996: 'strcpy': This function or variable may be unsafe. Consider using strcpy_s instead. To disable deprecation, use _CRT_SECURE_NO_WARNINGS. See online help for details.
  c:\program files (x86)\windows kits\10\include\10.0.14393.0\ucrt\string.h(125): note: Siehe Deklaration von "strcpy"
c:\users\mirko\cloud\studium\info hausübung ss 18\sofewareversionen\version 1\informatik\speichern\speichern\funktionen.cpp(711): error C4996: 'strcpy': This function or variable may be unsafe. Consider using strcpy_s instead. To disable deprecation, use _CRT_SECURE_NO_WARNINGS. See online help for details.
  c:\program files (x86)\windows kits\10\include\10.0.14393.0\ucrt\string.h(125): note: Siehe Deklaration von "strcpy"
c:\users\mirko\cloud\studium\info hausübung ss 18\sofewareversionen\version 1\informatik\speichern\speichern\funktionen.cpp(716): error C4996: 'strcpy': This function or variable may be unsafe. Consider using strcpy_s instead. To disable deprecation, use _CRT_SECURE_NO_WARNINGS. See online help for details.
  c:\program files (x86)\windows kits\10\include\10.0.14393.0\ucrt\string.h(125): note: Siehe Deklaration von "strcpy"
c:\users\mirko\cloud\studium\info hausübung ss 18\sofewareversionen\version 1\informatik\speichern\speichern\funktionen.cpp(721): error C4996: 'strcpy': This function or variable may be unsafe. Consider using strcpy_s instead. To disable deprecation, use _CRT_SECURE_NO_WARNINGS. See online help for details.
  c:\program files (x86)\windows kits\10\include\10.0.14393.0\ucrt\string.h(125): note: Siehe Deklaration von "strcpy"
c:\users\mirko\cloud\studium\info hausübung ss 18\sofewareversionen\version 1\informatik\speichern\speichern\funktionen.cpp(737): error C4996: 'scanf': This function or variable may be unsafe. Consider using scanf_s instead. To disable deprecation, use _CRT_SECURE_NO_WARNINGS. See online help for details.
  c:\program files (x86)\windows kits\10\include\10.0.14393.0\ucrt\stdio.h(1269): note: Siehe Deklaration von "scanf"
c:\users\mirko\cloud\studium\info hausübung ss 18\sofewareversionen\version 1\informatik\speichern\speichern\funktionen.cpp(803): error C4996: 'scanf': This function or variable may be unsafe. Consider using scanf_s instead. To disable deprecation, use _CRT_SECURE_NO_WARNINGS. See online help for details.
  c:\program files (x86)\windows kits\10\include\10.0.14393.0\ucrt\stdio.h(1269): note: Siehe Deklaration von "scanf"
c:\users\mirko\cloud\studium\info hausübung ss 18\sofewareversionen\version 1\informatik\speichern\speichern\funktionen.cpp(809): error C4996: 'scanf': This function or variable may be unsafe. Consider using scanf_s instead. To disable deprecation, use _CRT_SECURE_NO_WARNINGS. See online help for details.
  c:\program files (x86)\windows kits\10\include\10.0.14393.0\ucrt\stdio.h(1269): note: Siehe Deklaration von "scanf"
c:\users\mirko\cloud\studium\info hausübung ss 18\sofewareversionen\version 1\informatik\speichern\speichern\funktionen.cpp(859): error C4996: 'strcpy': This function or variable may be unsafe. Consider using strcpy_s instead. To disable deprecation, use _CRT_SECURE_NO_WARNINGS. See online help for details.
  c:\program files (x86)\windows kits\10\include\10.0.14393.0\ucrt\string.h(125): note: Siehe Deklaration von "strcpy"
c:\users\mirko\cloud\studium\info hausübung ss 18\sofewareversionen\version 1\informatik\speichern\speichern\funktionen.cpp(865): error C4996: 'strcpy': This function or variable may be unsafe. Consider using strcpy_s instead. To disable deprecation, use _CRT_SECURE_NO_WARNINGS. See online help for details.
  c:\program files (x86)\windows kits\10\include\10.0.14393.0\ucrt\string.h(125): note: Siehe Deklaration von "strcpy"
c:\users\mirko\cloud\studium\info hausübung ss 18\sofewareversionen\version 1\informatik\speichern\speichern\funktionen.cpp(876): error C4996: 'strcpy': This function or variable may be unsafe. Consider using strcpy_s instead. To disable deprecation, use _CRT_SECURE_NO_WARNINGS. See online help for details.
  c:\program files (x86)\windows kits\10\include\10.0.14393.0\ucrt\string.h(125): note: Siehe Deklaration von "strcpy"
c:\users\mirko\cloud\studium\info hausübung ss 18\sofewareversionen\version 1\informatik\speichern\speichern\funktionen.cpp(880): error C4996: 'strcpy': This function or variable may be unsafe. Consider using strcpy_s instead. To disable deprecation, use _CRT_SECURE_NO_WARNINGS. See online help for details.
  c:\program files (x86)\windows kits\10\include\10.0.14393.0\ucrt\string.h(125): note: Siehe Deklaration von "strcpy"
c:\users\mirko\cloud\studium\info hausübung ss 18\sofewareversionen\version 1\informatik\speichern\speichern\funktionen.cpp(884): error C4996: 'strcpy': This function or variable may be unsafe. Consider using strcpy_s instead. To disable deprecation, use _CRT_SECURE_NO_WARNINGS. See online help for details.
  c:\program files (x86)\windows kits\10\include\10.0.14393.0\ucrt\string.h(125): note: Siehe Deklaration von "strcpy"
c:\users\mirko\cloud\studium\info hausübung ss 18\sofewareversionen\version 1\informatik\speichern\speichern\funktionen.cpp(900): error C4996: 'scanf': This function or variable may be unsafe. Consider using scanf_s instead. To disable deprecation, use _CRT_SECURE_NO_WARNINGS. See online help for details.
  c:\program files (x86)\windows kits\10\include\10.0.14393.0\ucrt\stdio.h(1269): note: Siehe Deklaration von "scanf"
c:\users\mirko\cloud\studium\info hausübung ss 18\sofewareversionen\version 1\informatik\speichern\speichern\funktionen.cpp(917): error C4996: 'fopen': This function or variable may be unsafe. Consider using fopen_s instead. To disable deprecation, use _CRT_SECURE_NO_WARNINGS. See online help for details.
  c:\program files (x86)\windows kits\10\include\10.0.14393.0\ucrt\stdio.h(207): note: Siehe Deklaration von "fopen"
c:\users\mirko\cloud\studium\info hausübung ss 18\sofewareversionen\version 1\informatik\speichern\speichern\funktionen.cpp(918): error C4996: 'fopen': This function or variable may be unsafe. Consider using fopen_s instead. To disable deprecation, use _CRT_SECURE_NO_WARNINGS. See online help for details.
  c:\program files (x86)\windows kits\10\include\10.0.14393.0\ucrt\stdio.h(207): note: Siehe Deklaration von "fopen"
c:\users\mirko\cloud\studium\info hausübung ss 18\sofewareversionen\version 1\informatik\speichern\speichern\funktionen.cpp(919): error C4996: 'fcloseall': The POSIX name for this item is deprecated. Instead, use the ISO C and C++ conformant name: _fcloseall. See online help for details.
  c:\program files (x86)\windows kits\10\include\10.0.14393.0\ucrt\stdio.h(2447): note: Siehe Deklaration von "fcloseall"
c:\users\mirko\cloud\studium\info hausübung ss 18\sofewareversionen\version 1\informatik\speichern\speichern\funktionen.cpp(999): error C4996: 'scanf': This function or variable may be unsafe. Consider using scanf_s instead. To disable deprecation, use _CRT_SECURE_NO_WARNINGS. See online help for details.
  c:\program files (x86)\windows kits\10\include\10.0.14393.0\ucrt\stdio.h(1269): note: Siehe Deklaration von "scanf"
c:\users\mirko\cloud\studium\info hausübung ss 18\sofewareversionen\version 1\informatik\speichern\speichern\funktionen.cpp(1011): error C4996: 'strcpy': This function or variable may be unsafe. Consider using strcpy_s instead. To disable deprecation, use _CRT_SECURE_NO_WARNINGS. See online help for details.
  c:\program files (x86)\windows kits\10\include\10.0.14393.0\ucrt\string.h(125): note: Siehe Deklaration von "strcpy"
c:\users\mirko\cloud\studium\info hausübung ss 18\sofewareversionen\version 1\informatik\speichern\speichern\funktionen.cpp(1016): error C4996: 'strcpy': This function or variable may be unsafe. Consider using strcpy_s instead. To disable deprecation, use _CRT_SECURE_NO_WARNINGS. See online help for details.
  c:\program files (x86)\windows kits\10\include\10.0.14393.0\ucrt\string.h(125): note: Siehe Deklaration von "strcpy"
c:\users\mirko\cloud\studium\info hausübung ss 18\sofewareversionen\version 1\informatik\speichern\speichern\funktionen.cpp(1021): error C4996: 'strcpy': This function or variable may be unsafe. Consider using strcpy_s instead. To disable deprecation, use _CRT_SECURE_NO_WARNINGS. See online help for details.
  c:\program files (x86)\windows kits\10\include\10.0.14393.0\ucrt\string.h(125): note: Siehe Deklaration von "strcpy"
c:\users\mirko\cloud\studium\info hausübung ss 18\sofewareversionen\version 1\informatik\speichern\speichern\funktionen.cpp(1032): error C4996: 'strcpy': This function or variable may be unsafe. Consider using strcpy_s instead. To disable deprecation, use _CRT_SECURE_NO_WARNINGS. See online help for details.
  c:\program files (x86)\windows kits\10\include\10.0.14393.0\ucrt\string.h(125): note: Siehe Deklaration von "strcpy"
c:\users\mirko\cloud\studium\info hausübung ss 18\sofewareversionen\version 1\informatik\speichern\speichern\funktionen.cpp(1037): error C4996: 'strcpy': This function or variable may be unsafe. Consider using strcpy_s instead. To disable deprecation, use _CRT_SECURE_NO_WARNINGS. See online help for details.
  c:\program files (x86)\windows kits\10\include\10.0.14393.0\ucrt\string.h(125): note: Siehe Deklaration von "strcpy"
c:\users\mirko\cloud\studium\info hausübung ss 18\sofewareversionen\version 1\informatik\speichern\speichern\funktionen.cpp(1042): error C4996: 'strcpy': This function or variable may be unsafe. Consider using strcpy_s instead. To disable deprecation, use _CRT_SECURE_NO_WARNINGS. See online help for details.
  c:\program files (x86)\windows kits\10\include\10.0.14393.0\ucrt\string.h(125): note: Siehe Deklaration von "strcpy"
c:\users\mirko\cloud\studium\info hausübung ss 18\sofewareversionen\version 1\informatik\speichern\speichern\funktionen.cpp(1047): error C4996: 'strcpy': This function or variable may be unsafe. Consider using strcpy_s instead. To disable deprecation, use _CRT_SECURE_NO_WARNINGS. See online help for details.
  c:\program files (x86)\windows kits\10\include\10.0.14393.0\ucrt\string.h(125): note: Siehe Deklaration von "strcpy"
c:\users\mirko\cloud\studium\info hausübung ss 18\sofewareversionen\version 1\informatik\speichern\speichern\funktionen.cpp(1062): warning C4474: "printf": zu viele Argumente für Formatzeichenfolge übergeben
  c:\users\mirko\cloud\studium\info hausübung ss 18\sofewareversionen\version 1\informatik\speichern\speichern\funktionen.cpp(1062): note: Platzhalter und deren Parameter erwarten 0 variadic-Argumente, es wurden aber 1 variadic-Argumente bereitgestellt.
c:\users\mirko\cloud\studium\info hausübung ss 18\sofewareversionen\version 1\informatik\speichern\speichern\funktionen.cpp(1090): error C4996: 'scanf': This function or variable may be unsafe. Consider using scanf_s instead. To disable deprecation, use _CRT_SECURE_NO_WARNINGS. See online help for details.
  c:\program files (x86)\windows kits\10\include\10.0.14393.0\ucrt\stdio.h(1269): note: Siehe Deklaration von "scanf"
c:\users\mirko\cloud\studium\info hausübung ss 18\sofewareversionen\version 1\informatik\speichern\speichern\funktionen.cpp(975): warning C4101: "zahl": Unreferenzierte lokale Variable
c:\users\mirko\cloud\studium\info hausübung ss 18\sofewareversionen\version 1\informatik\speichern\speichern\funktionen.cpp(975): warning C4101: "kontrolle": Unreferenzierte lokale Variable
c:\users\mirko\cloud\studium\info hausübung ss 18\sofewareversionen\version 1\informatik\speichern\speichern\funktionen.cpp(1121): error C4996: 'scanf': This function or variable may be unsafe. Consider using scanf_s instead. To disable deprecation, use _CRT_SECURE_NO_WARNINGS. See online help for details.
  c:\program files (x86)\windows kits\10\include\10.0.14393.0\ucrt\stdio.h(1269): note: Siehe Deklaration von "scanf"
c:\users\mirko\cloud\studium\info hausübung ss 18\sofewareversionen\version 1\informatik\speichern\speichern\funktionen.cpp(1127): error C4996: 'scanf': This function or variable may be unsafe. Consider using scanf_s instead. To disable deprecation, use _CRT_SECURE_NO_WARNINGS. See online help for details.
  c:\program files (x86)\windows kits\10\include\10.0.14393.0\ucrt\stdio.h(1269): note: Siehe Deklaration von "scanf"
  main.cpp
c:\users\mirko\cloud\studium\info hausübung ss 18\sofewareversionen\version 1\informatik\speichern\speichern\main.cpp(25): error C4996: 'getche': The POSIX name for this item is deprecated. Instead, use the ISO C and C++ conformant name: _getche. See online help for details.
  c:\program files (x86)\windows kits\10\include\10.0.14393.0\ucrt\conio.h(455): note: Siehe Deklaration von "getche"
c:\users\mirko\cloud\studium\info hausübung ss 18\sofewareversionen\version 1\informatik\speichern\speichern\main.cpp(80): error C4996: 'getche': The POSIX name for this item is deprecated. Instead, use the ISO C and C++ conformant name: _getche. See online help for details.
  c:\program files (x86)\windows kits\10\include\10.0.14393.0\ucrt\conio.h(455): note: Siehe Deklaration von "getche"
  suchen.cpp
c:\users\mirko\cloud\studium\info hausübung ss 18\sofewareversionen\version 1\informatik\speichern\speichern\suchen.cpp(22): error C4996: 'scanf': This function or variable may be unsafe. Consider using scanf_s instead. To disable deprecation, use _CRT_SECURE_NO_WARNINGS. See online help for details.
  c:\program files (x86)\windows kits\10\include\10.0.14393.0\ucrt\stdio.h(1269): note: Siehe Deklaration von "scanf"
c:\users\mirko\cloud\studium\info hausübung ss 18\sofewareversionen\version 1\informatik\speichern\speichern\suchen.cpp(61): warning C4267: "=": Konvertierung von "size_t" nach "int", Datenverlust möglich
c:\users\mirko\cloud\studium\info hausübung ss 18\sofewareversionen\version 1\informatik\speichern\speichern\suchen.cpp(70): warning C4267: "=": Konvertierung von "size_t" nach "int", Datenverlust möglich
c:\users\mirko\cloud\studium\info hausübung ss 18\sofewareversionen\version 1\informatik\speichern\speichern\suchen.cpp(69): error C4996: 'strcpy': This function or variable may be unsafe. Consider using strcpy_s instead. To disable deprecation, use _CRT_SECURE_NO_WARNINGS. See online help for details.
  c:\program files (x86)\windows kits\10\include\10.0.14393.0\ucrt\string.h(125): note: Siehe Deklaration von "strcpy"
c:\users\mirko\cloud\studium\info hausübung ss 18\sofewareversionen\version 1\informatik\speichern\speichern\suchen.cpp(109): warning C4267: "=": Konvertierung von "size_t" nach "int", Datenverlust möglich
c:\users\mirko\cloud\studium\info hausübung ss 18\sofewareversionen\version 1\informatik\speichern\speichern\suchen.cpp(117): warning C4267: "=": Konvertierung von "size_t" nach "int", Datenverlust möglich
c:\users\mirko\cloud\studium\info hausübung ss 18\sofewareversionen\version 1\informatik\speichern\speichern\suchen.cpp(116): error C4996: 'strcpy': This function or variable may be unsafe. Consider using strcpy_s instead. To disable deprecation, use _CRT_SECURE_NO_WARNINGS. See online help for details.
  c:\program files (x86)\windows kits\10\include\10.0.14393.0\ucrt\string.h(125): note: Siehe Deklaration von "strcpy"
c:\users\mirko\cloud\studium\info hausübung ss 18\sofewareversionen\version 1\informatik\speichern\speichern\suchen.cpp(175): warning C4267: "=": Konvertierung von "size_t" nach "int", Datenverlust möglich
c:\users\mirko\cloud\studium\info hausübung ss 18\sofewareversionen\version 1\informatik\speichern\speichern\suchen.cpp(183): warning C4267: "=": Konvertierung von "size_t" nach "int", Datenverlust möglich
c:\users\mirko\cloud\studium\info hausübung ss 18\sofewareversionen\version 1\informatik\speichern\speichern\suchen.cpp(182): error C4996: 'strcpy': This function or variable may be unsafe. Consider using strcpy_s instead. To disable deprecation, use _CRT_SECURE_NO_WARNINGS. See online help for details.
  c:\program files (x86)\windows kits\10\include\10.0.14393.0\ucrt\string.h(125): note: Siehe Deklaration von "strcpy"
  Code wird generiert...
